<?xml version="1.0" encoding="UTF-8"?>
<Config>
	<Common>
		<CouplingModule>ef-coupling</CouplingModule>
		<CabineInVehicle>0</CabineInVehicle>

		<!-- Зарядное давление, МПа -->
		<ChargingPressure>0.5</ChargingPressure>
		<!-- Начальное давление в ГР, МПа -->
		<InitMainResPressure>0.9</InitMainResPressure>
		<!-- Поезд без воздуха (1 - без воздуха, 0 - полностью заряженный) -->
		<NoAir>0</NoAir>

		<Title>ТЕСТ: ВЛ60к-1737 с хопперами</Title>
		<Description>Магистральный грузовой электровоз переменного тока производства НЭВЗ</Description>
	</Common>
	<Vehicle>
		<Module>simple-loco</Module>
		<ModuleConfig>VL60k-1737</ModuleConfig>
		<Count>1</Count>
		<PayloadCoeff>1</PayloadCoeff>
	</Vehicle>

	<Vehicle>
		<Module>simple-car</Module>
		<ModuleConfig>Fr_hopper_RZD-2851</ModuleConfig>
		<Count>30</Count>
		<PayloadCoeff>0</PayloadCoeff>
	</Vehicle>

</Config>
