<?xml version="1.0" encoding="UTF-8"?>
<Config>
	<Vehicle>
		<EmptyMass>135000</EmptyMass>
		<PayloadMass>0</PayloadMass>
		<Length>21.7</Length>
		<WheelDiameter>1.25</WheelDiameter>
		<MainResist>default</MainResist>
		<NumAxis>6</NumAxis>				
        <WheelInertia>2.0</WheelInertia>

        <ExtModelName>test-loco/kuzov.dmd</ExtModelName>   
        <ExtTextureName>test-loco/kuzov.bmp</ExtTextureName>  

        <WheelModel>test-loco/kolpara_tepl.dmd</WheelModel>
        <WheelTexture>test-loco/kolpara_tepl.bmp</WheelTexture>

        <Axis>0.0 -8.5 0.85</Axis>
        <Axis>0.0 -6.2 0.85</Axis>
        <Axis>0.0 -4.1 0.85</Axis>

        <Axis>0.0 8.5 0.85</Axis>
        <Axis>0.0 6.2 0.85</Axis>
        <Axis>0.0 4.1 0.85</Axis>
        

	</Vehicle>
</Config>
