<?xml version="1.0" encoding="UTF-8"?>
<Config>
	<Vehicle>
		
		<EmptyMass>135000</EmptyMass>
		<PayloadMass>0</PayloadMass>
		<Length>21.7</Length>
		<WheelDiameter>1.25</WheelDiameter>
		<MainResist>default</MainResist>
		<NumAxis>6</NumAxis>				
                <WheelInertia>2.0</WheelInertia>

                <ExtModelName>test-loco/kuzov.osgt</ExtModelName> 
                <ModelShift>0.0 0.0 0.0</ModelShift>                

                <WheelModel>test-loco/kolpara_tepl.osgt</WheelModel>                

                <Axis>0.0 -8.5 0.85</Axis>
                <Axis>0.0 -6.2 0.85</Axis>
                <Axis>0.0 -4.1 0.85</Axis>

                <Axis>0.0 8.5 0.85</Axis>
                <Axis>0.0 6.2 0.85</Axis>
                <Axis>0.0 4.1 0.85</Axis>                

                <CabineModel>test-loco/cab.osgt</CabineModel>
                <CabineShift>0.0 0.0 0.0</CabineShift>
                
                <BrakeCraneModule>krm395</BrakeCraneModule>
                <BrakeCraneConfig>krm395</BrakeCraneConfig>

                <BrakeMechModule>carbrakes-mech</BrakeMechModule>
                <BrakeMechConfig>tep70bs-mech</BrakeMechConfig>

                <AirDistModule>vr242</AirDistModule>
                <AirDistConfig>vr242</AirDistConfig>
                
	</Vehicle>
</Config>
